<?xml version="1.0" encoding="UTF-8" standalone="yes"?>
<features name="productkeys.feature" xmlns="http://karaf.apache.org/xmlns/features/v1.2.0">
    <repository>mvn:org.opennms.plugins/org.opennms.plugin.licencemanager/1.1.0-SNAPSHOT/xml/features</repository>
    <repository>mvn:org.opennms.authenticator/Meridian2017/1.0.0-SNAPSHOT/xml/features</repository>
    <feature name="productkeys.feature" version="21.0.0-SNAPSHOT" description="OpenNMS :: Features :: ProductKeys :: Feature">
        <details>productkeys.feature Containing Feature definition for OpenNMS subscription</details>
        <feature>org.opennms.plugin.licencemanager</feature>
        <feature>Meridian2017</feature>
        <bundle>mvn:org.opennms.features.productkeys/productkeys.descriptor/21.0.0-SNAPSHOT</bundle>
    </feature>
</features>